<?xml version="1.0" encoding="UTF-8"?>
<!-- Generated by org.testng.reporters.JUnitReportReporter -->
<testsuite hostname="DESKTOP-N6DDEOP" failures="0" tests="2" name="GrouTest.BaseUrl" time="28.509" errors="0" timestamp="2023-05-02T15:30:48 BDT" skipped="0">
  <testcase classname="GrouTest.BaseUrl" name="browserstart" time="15.053"/>
  <system-out/>
  <testcase classname="GrouTest.BaseUrl" name="login" time="13.456"/>
  <system-out/>
</testsuite> <!-- GrouTest.BaseUrl -->
